<?xml version="1.0" encoding="UTF-8"?>
<Site BuildName="(empty)"
	BuildStamp="20250120-0702-Experimental"
	Name="(empty)"
	Generator="ctest-3.28.1"
	CompilerName=""
	CompilerVersion=""
	OSName="Linux"
	Hostname="david-ThinkPad-P1"
	OSRelease="6.8.0-49-generic"
	OSVersion="#49~22.04.1-Ubuntu SMP PREEMPT_DYNAMIC Wed Nov  6 17:42:15 UTC 2"
	OSPlatform="x86_64"
	Is64Bits="1"
	VendorString="GenuineIntel"
	VendorID="Intel Corporation"
	FamilyID="6"
	ModelID="141"
	ProcessorCacheSize="24576"
	NumberOfLogicalCPU="16"
	NumberOfPhysicalCPU="8"
	TotalVirtualMemory="2047"
	TotalPhysicalMemory="31800"
	LogicalProcessorsPerPhysical="2"
	ProcessorClockFrequency="3885.42"
	>
	<Testing>
		<StartDateTime>Jan 20 02:02 EST</StartDateTime>
		<StartTestTime>1737356537</StartTestTime>
		<TestList/>
		<EndDateTime>Jan 20 02:02 EST</EndDateTime>
		<EndTestTime>1737356537</EndTestTime>
		<ElapsedMinutes>0</ElapsedMinutes>
	</Testing>
</Site>
